Task failed: HTTPError: 405 Client Error: Method Not Allowed for url: https://qa-google.wandb.io/traces/files/create
Task failed: HTTPError: 405 Client Error: Method Not Allowed for url: https://qa-google.wandb.io/traces/obj/create
Task failed: HTTPError: 405 Client Error: Method Not Allowed for url: https://qa-google.wandb.io/traces/obj/create
Task failed: HTTPError: 405 Client Error: Method Not Allowed for url: https://qa-google.wandb.io/traces/files/create
Task failed: HTTPError: 405 Client Error: Method Not Allowed for url: https://qa-google.wandb.io/traces/obj/create
Task failed: HTTPError: 405 Client Error: Method Not Allowed for url: https://qa-google.wandb.io/traces/obj/create
Error creating call:
Traceback (most recent call last):
  File "/Users/umakrishnaswamy/anaconda3/envs/pdf_summarizer_env/lib/python3.10/site-packages/weave/trace/op.py", line 373, in _call_sync_func
    call = _create_call(op, *args, __weave=__weave, **kwargs)
  File "/Users/umakrishnaswamy/anaconda3/envs/pdf_summarizer_env/lib/python3.10/site-packages/weave/trace/op.py", line 295, in _create_call
    return client.create_call(
  File "/Users/umakrishnaswamy/anaconda3/envs/pdf_summarizer_env/lib/python3.10/site-packages/weave/trace/trace_sentry.py", line 204, in wrapper
    return func(*args, **kwargs)
  File "/Users/umakrishnaswamy/anaconda3/envs/pdf_summarizer_env/lib/python3.10/site-packages/weave/trace/weave_client.py", line 1166, in create_call
    check_wandb_run_matches(current_wb_run_id, self.entity, self.project)
  File "/Users/umakrishnaswamy/anaconda3/envs/pdf_summarizer_env/lib/python3.10/site-packages/weave/trace/weave_client.py", line 2276, in check_wandb_run_matches
    raise ValueError(
ValueError: Project Mismatch: weave and wandb must be initialized using the same project. Found wandb.init targeting project "uma/summarization-app" and weave.init targeting project "smle-demo/summarization-app". To fix, please use the same project for both library initializations.
 (subsequent messages of this type will be suppressed)
Task failed: HTTPError: 405 Client Error: Method Not Allowed for url: https://qa-google.wandb.io/traces/obj/create
Task failed: HTTPError: 405 Client Error: Method Not Allowed for url: https://qa-google.wandb.io/traces/files/create
Task failed: HTTPError: 405 Client Error: Method Not Allowed for url: https://qa-google.wandb.io/traces/obj/create
Task failed: HTTPError: 405 Client Error: Method Not Allowed for url: https://qa-google.wandb.io/traces/obj/create
Error creating async call:
Traceback (most recent call last):
  File "/Users/umakrishnaswamy/anaconda3/envs/pdf_summarizer_env/lib/python3.10/site-packages/weave/trace/op.py", line 373, in _call_sync_func
    call = _create_call(op, *args, __weave=__weave, **kwargs)
  File "/Users/umakrishnaswamy/anaconda3/envs/pdf_summarizer_env/lib/python3.10/site-packages/weave/trace/op.py", line 295, in _create_call
    return client.create_call(
  File "/Users/umakrishnaswamy/anaconda3/envs/pdf_summarizer_env/lib/python3.10/site-packages/weave/trace/trace_sentry.py", line 204, in wrapper
    return func(*args, **kwargs)
  File "/Users/umakrishnaswamy/anaconda3/envs/pdf_summarizer_env/lib/python3.10/site-packages/weave/trace/weave_client.py", line 1166, in create_call
    check_wandb_run_matches(current_wb_run_id, self.entity, self.project)
  File "/Users/umakrishnaswamy/anaconda3/envs/pdf_summarizer_env/lib/python3.10/site-packages/weave/trace/weave_client.py", line 2276, in check_wandb_run_matches
    raise ValueError(
ValueError: Project Mismatch: weave and wandb must be initialized using the same project. Found wandb.init targeting project "uma/summarization-app" and weave.init targeting project "smle-demo/summarization-app". To fix, please use the same project for both library initializations.

During handling of the above exception, another exception occurred:

Traceback (most recent call last):
  File "/Users/umakrishnaswamy/anaconda3/envs/pdf_summarizer_env/lib/python3.10/site-packages/weave/trace/op.py", line 463, in _call_async_func
    call = _create_call(op, *args, __weave=__weave, **kwargs)
  File "/Users/umakrishnaswamy/anaconda3/envs/pdf_summarizer_env/lib/python3.10/site-packages/weave/trace/op.py", line 295, in _create_call
    return client.create_call(
  File "/Users/umakrishnaswamy/anaconda3/envs/pdf_summarizer_env/lib/python3.10/site-packages/weave/trace/trace_sentry.py", line 204, in wrapper
    return func(*args, **kwargs)
  File "/Users/umakrishnaswamy/anaconda3/envs/pdf_summarizer_env/lib/python3.10/site-packages/weave/trace/weave_client.py", line 1166, in create_call
    check_wandb_run_matches(current_wb_run_id, self.entity, self.project)
  File "/Users/umakrishnaswamy/anaconda3/envs/pdf_summarizer_env/lib/python3.10/site-packages/weave/trace/weave_client.py", line 2276, in check_wandb_run_matches
    raise ValueError(
ValueError: Project Mismatch: weave and wandb must be initialized using the same project. Found wandb.init targeting project "uma/summarization-app" and weave.init targeting project "smle-demo/summarization-app". To fix, please use the same project for both library initializations.
 (subsequent messages of this type will be suppressed)
Task failed: HTTPError: 405 Client Error: Method Not Allowed for url: https://qa-google.wandb.io/traces/obj/create
Task failed: HTTPError: 405 Client Error: Method Not Allowed for url: https://qa-google.wandb.io/traces/files/create
Error creating async call:
Traceback (most recent call last):
  File "/Users/umakrishnaswamy/anaconda3/envs/pdf_summarizer_env/lib/python3.10/site-packages/weave/trace/op.py", line 373, in _call_sync_func
    call = _create_call(op, *args, __weave=__weave, **kwargs)
  File "/Users/umakrishnaswamy/anaconda3/envs/pdf_summarizer_env/lib/python3.10/site-packages/weave/trace/op.py", line 295, in _create_call
    return client.create_call(
  File "/Users/umakrishnaswamy/anaconda3/envs/pdf_summarizer_env/lib/python3.10/site-packages/weave/trace/trace_sentry.py", line 204, in wrapper
    return func(*args, **kwargs)
  File "/Users/umakrishnaswamy/anaconda3/envs/pdf_summarizer_env/lib/python3.10/site-packages/weave/trace/weave_client.py", line 1166, in create_call
    check_wandb_run_matches(current_wb_run_id, self.entity, self.project)
  File "/Users/umakrishnaswamy/anaconda3/envs/pdf_summarizer_env/lib/python3.10/site-packages/weave/trace/weave_client.py", line 2276, in check_wandb_run_matches
    raise ValueError(
ValueError: Project Mismatch: weave and wandb must be initialized using the same project. Found wandb.init targeting project "uma/summarization-app" and weave.init targeting project "smle-demo/summarization-app". To fix, please use the same project for both library initializations.

During handling of the above exception, another exception occurred:

Traceback (most recent call last):
  File "/Users/umakrishnaswamy/anaconda3/envs/pdf_summarizer_env/lib/python3.10/site-packages/weave/trace/op.py", line 463, in _call_async_func
    call = _create_call(op, *args, __weave=__weave, **kwargs)
  File "/Users/umakrishnaswamy/anaconda3/envs/pdf_summarizer_env/lib/python3.10/site-packages/weave/trace/op.py", line 295, in _create_call
    return client.create_call(
  File "/Users/umakrishnaswamy/anaconda3/envs/pdf_summarizer_env/lib/python3.10/site-packages/weave/trace/trace_sentry.py", line 204, in wrapper
    return func(*args, **kwargs)
  File "/Users/umakrishnaswamy/anaconda3/envs/pdf_summarizer_env/lib/python3.10/site-packages/weave/trace/weave_client.py", line 1166, in create_call
    check_wandb_run_matches(current_wb_run_id, self.entity, self.project)
  File "/Users/umakrishnaswamy/anaconda3/envs/pdf_summarizer_env/lib/python3.10/site-packages/weave/trace/weave_client.py", line 2276, in check_wandb_run_matches
    raise ValueError(
ValueError: Project Mismatch: weave and wandb must be initialized using the same project. Found wandb.init targeting project "uma/summarization-app" and weave.init targeting project "smle-demo/summarization-app". To fix, please use the same project for both library initializations.

During handling of the above exception, another exception occurred:

Traceback (most recent call last):
  File "/Users/umakrishnaswamy/anaconda3/envs/pdf_summarizer_env/lib/python3.10/site-packages/weave/trace/op.py", line 463, in _call_async_func
    call = _create_call(op, *args, __weave=__weave, **kwargs)
  File "/Users/umakrishnaswamy/anaconda3/envs/pdf_summarizer_env/lib/python3.10/site-packages/weave/trace/op.py", line 295, in _create_call
    return client.create_call(
  File "/Users/umakrishnaswamy/anaconda3/envs/pdf_summarizer_env/lib/python3.10/site-packages/weave/trace/trace_sentry.py", line 204, in wrapper
    return func(*args, **kwargs)
  File "/Users/umakrishnaswamy/anaconda3/envs/pdf_summarizer_env/lib/python3.10/site-packages/weave/trace/weave_client.py", line 1166, in create_call
    check_wandb_run_matches(current_wb_run_id, self.entity, self.project)
  File "/Users/umakrishnaswamy/anaconda3/envs/pdf_summarizer_env/lib/python3.10/site-packages/weave/trace/weave_client.py", line 2276, in check_wandb_run_matches
    raise ValueError(
ValueError: Project Mismatch: weave and wandb must be initialized using the same project. Found wandb.init targeting project "uma/summarization-app" and weave.init targeting project "smle-demo/summarization-app". To fix, please use the same project for both library initializations.
 (subsequent messages of this type will be suppressed)
Task failed: HTTPError: 405 Client Error: Method Not Allowed for url: https://qa-google.wandb.io/traces/obj/create
Traceback (most recent call last):
  File "/Users/umakrishnaswamy/Desktop/smle/weave/pdf_summarizer/model.py", line 113, in main
    time.sleep(10)
KeyboardInterrupt
