Error creating async call:
Traceback (most recent call last):
  File "/Users/umakrishnaswamy/anaconda3/envs/tf/lib/python3.11/site-packages/weave/trace/op.py", line 450, in _call_async_func
    call = _create_call(op, *args, __weave=__weave, **kwargs)
           ^^^^^^^^^^^^^^^^^^^^^^^^^^^^^^^^^^^^^^^^^^^^^^^^^^
  File "/Users/umakrishnaswamy/anaconda3/envs/tf/lib/python3.11/site-packages/weave/trace/op.py", line 290, in _create_call
    return client.create_call(
           ^^^^^^^^^^^^^^^^^^^
  File "/Users/umakrishnaswamy/anaconda3/envs/tf/lib/python3.11/site-packages/weave/trace/trace_sentry.py", line 204, in wrapper
    return func(*args, **kwargs)
           ^^^^^^^^^^^^^^^^^^^^^
  File "/Users/umakrishnaswamy/anaconda3/envs/tf/lib/python3.11/site-packages/weave/trace/weave_client.py", line 1187, in create_call
    check_wandb_run_matches(current_wb_run_id, self.entity, self.project)
  File "/Users/umakrishnaswamy/anaconda3/envs/tf/lib/python3.11/site-packages/weave/trace/weave_client.py", line 2297, in check_wandb_run_matches
    raise ValueError(
ValueError: Project Mismatch: weave and wandb must be initialized using the same project. Found wandb.init targeting project "smle-demo/smle-demo" and weave.init targeting project "smle-demo/summarization-app". To fix, please use the same project for both library initializations.
 (subsequent messages of this type will be suppressed)
Error creating async call:
Traceback (most recent call last):
  File "/Users/umakrishnaswamy/anaconda3/envs/tf/lib/python3.11/site-packages/weave/trace/op.py", line 450, in _call_async_func
    call = _create_call(op, *args, __weave=__weave, **kwargs)
           ^^^^^^^^^^^^^^^^^^^^^^^^^^^^^^^^^^^^^^^^^^^^^^^^^^
  File "/Users/umakrishnaswamy/anaconda3/envs/tf/lib/python3.11/site-packages/weave/trace/op.py", line 290, in _create_call
    return client.create_call(
           ^^^^^^^^^^^^^^^^^^^
  File "/Users/umakrishnaswamy/anaconda3/envs/tf/lib/python3.11/site-packages/weave/trace/trace_sentry.py", line 204, in wrapper
    return func(*args, **kwargs)
           ^^^^^^^^^^^^^^^^^^^^^
  File "/Users/umakrishnaswamy/anaconda3/envs/tf/lib/python3.11/site-packages/weave/trace/weave_client.py", line 1187, in create_call
    check_wandb_run_matches(current_wb_run_id, self.entity, self.project)
  File "/Users/umakrishnaswamy/anaconda3/envs/tf/lib/python3.11/site-packages/weave/trace/weave_client.py", line 2297, in check_wandb_run_matches
    raise ValueError(
ValueError: Project Mismatch: weave and wandb must be initialized using the same project. Found wandb.init targeting project "smle-demo/smle-demo" and weave.init targeting project "smle-demo/summarization-app". To fix, please use the same project for both library initializations.

During handling of the above exception, another exception occurred:

Traceback (most recent call last):
  File "/Users/umakrishnaswamy/anaconda3/envs/tf/lib/python3.11/site-packages/weave/trace/op.py", line 450, in _call_async_func
    call = _create_call(op, *args, __weave=__weave, **kwargs)
           ^^^^^^^^^^^^^^^^^^^^^^^^^^^^^^^^^^^^^^^^^^^^^^^^^^
  File "/Users/umakrishnaswamy/anaconda3/envs/tf/lib/python3.11/site-packages/weave/trace/op.py", line 290, in _create_call
    return client.create_call(
           ^^^^^^^^^^^^^^^^^^^
  File "/Users/umakrishnaswamy/anaconda3/envs/tf/lib/python3.11/site-packages/weave/trace/trace_sentry.py", line 204, in wrapper
    return func(*args, **kwargs)
           ^^^^^^^^^^^^^^^^^^^^^
  File "/Users/umakrishnaswamy/anaconda3/envs/tf/lib/python3.11/site-packages/weave/trace/weave_client.py", line 1187, in create_call
    check_wandb_run_matches(current_wb_run_id, self.entity, self.project)
  File "/Users/umakrishnaswamy/anaconda3/envs/tf/lib/python3.11/site-packages/weave/trace/weave_client.py", line 2297, in check_wandb_run_matches
    raise ValueError(
ValueError: Project Mismatch: weave and wandb must be initialized using the same project. Found wandb.init targeting project "smle-demo/smle-demo" and weave.init targeting project "smle-demo/summarization-app". To fix, please use the same project for both library initializations.
 (subsequent messages of this type will be suppressed)
